<testsuite failures="0" name="src/test/java/AddProduct.feature" skipped="0" tests="1" time="2.078561">
  <testcase classname="src.test.java.AddProduct" name="Send requests with multiple payloads" time="2.078561">
    <system-out>Given url 'https://fakestoreapi.com/' ..................................... passed
And path 'products' ....................................................... passed
And request {"title": "test product","price": "13.5","description": "lorem ipsum set","image": "https://i.pravatar.cc","category": "electronic"} . passed
And headers {"Content-Type": "application/json"} .......................... passed
When method post .......................................................... passed
Then match response == {"id": "#number", "title": "#string", "price": "#string", "description": "#string", "image": "#string", "category": "#string"} . passed
Then status 200 ........................................................... passed
Then assert response.id==21 ............................................... passed
Then assert response.title=='test product' ................................ passed
Given url 'https://fakestoreapi.com/' ..................................... passed
And path 'products/', 2 ................................................... passed
And headers {"Content-Type": "application/json"} .......................... passed
When method get ........................................................... passed
Then status 200 ........................................................... passed
* def ResponseValidatorFunction = karate.read('classpath:src/test/java/ResponseValidator.js') . passed
* def responseAssertionsResults = ResponseValidatorFunction(response,{'expRate':4.1,'expCount':259}) . passed
* print responseAssertionsResults ......................................... passed
Then assert responseAssertionsResults ..................................... passed</system-out>
  </testcase>
</testsuite>
